#
# There is insufficient memory for the Java Runtime Environment to continue.
# Native memory allocation (malloc) failed to allocate 1048576 bytes for AllocateHeap
# Possible reasons:
#   The system is out of physical RAM or swap space
#   In 32 bit mode, the process size limit was hit
# Possible solutions:
#   Reduce memory load on the system
#   Increase physical memory or swap space
#   Check if swap backing store is full
#   Use 64 bit Java on a 64 bit OS
#   Decrease Java heap size (-Xmx/-Xms)
#   Decrease number of Java threads
#   Decrease Java thread stack sizes (-Xss)
#   Set larger code cache with -XX:ReservedCodeCacheSize=
# This output file may be truncated or incomplete.
#
#  Out of Memory Error (memory/allocation.inline.hpp:61), pid=9872, tid=0x0000000000002124
#
# JRE version:  (8.0_111-b14) (build )
# Java VM: Java HotSpot(TM) 64-Bit Server VM (25.111-b14 mixed mode windows-amd64 compressed oops)
# Failed to write core dump. Minidumps are not enabled by default on client versions of Windows
#

---------------  T H R E A D  ---------------

Current thread (0x0000000004180800):  JavaThread "Unknown thread" [_thread_in_vm, id=8484, stack(0x0000000003fd0000,0x00000000040d0000)]

Stack: [0x0000000003fd0000,0x00000000040d0000]
[error occurred during error reporting (printing stack bounds), id 0xc0000005]

Native frames: (J=compiled Java code, j=interpreted, Vv=VM code, C=native code)


---------------  P R O C E S S  ---------------

Java Threads: ( => current thread )

Other Threads:

=>0x0000000004180800 (exited) JavaThread "Unknown thread" [_thread_in_vm, id=8484, stack(0x0000000003fd0000,0x00000000040d0000)]

VM state:not at safepoint (normal execution)

VM Mutex/Monitor currently owned by a thread: None

Heap:
 PSYoungGen      total 18432K, used 317K [0x00000000eb600000, 0x00000000eca80000, 0x0000000100000000)
  eden space 15872K, 2% used [0x00000000eb600000,0x00000000eb64f5d0,0x00000000ec580000)
  from space 2560K, 0% used [0x00000000ec800000,0x00000000ec800000,0x00000000eca80000)
  to   space 2560K, 0% used [0x00000000ec580000,0x00000000ec580000,0x00000000ec800000)
 ParOldGen       total 42496K, used 0K [0x00000000c2200000, 0x00000000c4b80000, 0x00000000eb600000)
  object space 42496K, 0% used [0x00000000c2200000,0x00000000c2200000,0x00000000c4b80000)
 Metaspace       used 770K, capacity 4480K, committed 4480K, reserved 1056768K
  class space    used 75K, capacity 384K, committed 384K, reserved 1048576K

Card table byte_map: [0x0000000013640000,0x0000000013830000] byte_map_base: 0x000000001302f000

Marking Bits: (ParMarkBitMap*) 0x0000000072c4a6c0
 Begin Bits: [0x0000000013d80000, 0x0000000014cf8000)
 End Bits:   [0x0000000014cf8000, 0x0000000015c70000)

Polling page: 0x00000000026f0000

CodeCache: size=245760Kb used=327Kb max_used=327Kb free=245432Kb
 bounds [0x0000000004280000, 0x00000000044f0000, 0x0000000013280000]
 total_blobs=57 nmethods=0 adapters=38
 compilation: enabled

Compilation events (0 events):
No events

GC Heap History (0 events):
No events

Deoptimization events (0 events):
No events

Internal exceptions (0 events):
No events

Events (10 events):
Event: 0.041 loading class java/lang/Short
Event: 0.041 loading class java/lang/Short done
Event: 0.041 loading class java/lang/Integer
Event: 0.041 loading class java/lang/Integer done
Event: 0.041 loading class java/lang/Long
Event: 0.041 loading class java/lang/Long done
Event: 0.043 loading class java/lang/NullPointerException
Event: 0.043 loading class java/lang/NullPointerException done
Event: 0.043 loading class java/lang/ArithmeticException
Event: 0.043 loading class java/lang/ArithmeticException done


Dynamic libraries:
0x00007ff795690000 - 0x00007ff7956c7000 	C:\Program Files\Java\jdk1.8.0_111\bin\java.exe
0x00007ffd1d930000 - 0x00007ffd1db10000 	C:\Windows\SYSTEM32\ntdll.dll
0x00007ffd09070000 - 0x00007ffd09082000 	C:\Program Files\AVAST Software\Avast\aswhook.dll
0x00007ffd1ae00000 - 0x00007ffd1aeae000 	C:\Windows\System32\KERNEL32.DLL
0x00007ffd19e30000 - 0x00007ffd1a096000 	C:\Windows\System32\KERNELBASE.dll
0x00007ffd1b150000 - 0x00007ffd1b1f1000 	C:\Windows\System32\ADVAPI32.dll
0x00007ffd1b9e0000 - 0x00007ffd1ba7d000 	C:\Windows\System32\msvcrt.dll
0x00007ffd1b200000 - 0x00007ffd1b25b000 	C:\Windows\System32\sechost.dll
0x00007ffd1b030000 - 0x00007ffd1b14f000 	C:\Windows\System32\RPCRT4.dll
0x00007ffd1ba90000 - 0x00007ffd1bc1e000 	C:\Windows\System32\USER32.dll
0x00007ffd1a100000 - 0x00007ffd1a120000 	C:\Windows\System32\win32u.dll
0x00007ffd1aeb0000 - 0x00007ffd1aed8000 	C:\Windows\System32\GDI32.dll
0x00007ffd1ab40000 - 0x00007ffd1acd1000 	C:\Windows\System32\gdi32full.dll
0x00007ffd1ace0000 - 0x00007ffd1ad7b000 	C:\Windows\System32\msvcp_win.dll
0x00007ffd19d30000 - 0x00007ffd19e26000 	C:\Windows\System32\ucrtbase.dll
0x00007ffd07c50000 - 0x00007ffd07eb9000 	C:\Windows\WinSxS\amd64_microsoft.windows.common-controls_6595b64144ccf1df_6.0.16299.15_none_cc92fb402215d91d\COMCTL32.dll
0x00007ffd1bf10000 - 0x00007ffd1c218000 	C:\Windows\System32\combase.dll
0x00007ffd1ad80000 - 0x00007ffd1adf2000 	C:\Windows\System32\bcryptPrimitives.dll
0x00007ffd1d730000 - 0x00007ffd1d75d000 	C:\Windows\System32\IMM32.DLL
0x0000000072350000 - 0x0000000072422000 	C:\Program Files\Java\jdk1.8.0_111\jre\bin\msvcr100.dll
0x0000000072430000 - 0x0000000072cca000 	C:\Program Files\Java\jdk1.8.0_111\jre\bin\server\jvm.dll
0x00007ffd1ba80000 - 0x00007ffd1ba88000 	C:\Windows\System32\PSAPI.DLL
0x00007ffd0d5f0000 - 0x00007ffd0d5f9000 	C:\Windows\SYSTEM32\WSOCK32.dll
0x00007ffd1b300000 - 0x00007ffd1b36c000 	C:\Windows\System32\WS2_32.dll
0x00007ffd166e0000 - 0x00007ffd16703000 	C:\Windows\SYSTEM32\WINMM.dll
0x00007ffd0cc60000 - 0x00007ffd0cc6a000 	C:\Windows\SYSTEM32\VERSION.dll
0x00007ffd16680000 - 0x00007ffd166aa000 	C:\Windows\SYSTEM32\WINMMBASE.dll
0x00007ffd1aaf0000 - 0x00007ffd1ab3a000 	C:\Windows\System32\cfgmgr32.dll
0x0000000072300000 - 0x000000007230f000 	C:\Program Files\Java\jdk1.8.0_111\jre\bin\verify.dll
0x00000000722d0000 - 0x00000000722f9000 	C:\Program Files\Java\jdk1.8.0_111\jre\bin\java.dll
0x00000000722b0000 - 0x00000000722c6000 	C:\Program Files\Java\jdk1.8.0_111\jre\bin\zip.dll

VM Arguments:
jvm_args: -Dfile.encoding=UTF-8 
java_command: view.FormEmprestimos
java_class_path (initial): C:\Program Files\NetBeans 8.2\ide\modules\ext\mysql-connector-java-5.1.23-bin.jar;C:\Users\Tales\OneDrive\NetBeansProjects\ConexaoSwing\build\classes
Launcher Type: SUN_STANDARD

Environment Variables:
JAVA_HOME=C:\Program Files\Java\jdk1.8.0_111
PATH=C:\ProgramData\Oracle\Java\javapath;C:\Program Files (x86)\Intel\iCLS Client\;C:\Program Files\Intel\iCLS Client\;C:\Windows\system32;C:\Windows;C:\Windows\System32\Wbem;C:\Windows\System32\WindowsPowerShell\v1.0\;C:\Program Files\Intel\TXE Components\DAL\;C:\Program Files (x86)\Intel\TXE Components\DAL\;C:\Program Files\Intel\TXE Components\IPT\;C:\Program Files (x86)\Intel\TXE Components\IPT\;C:\Program Files\nodejs\;C:\Users\Tales\AppData\Local\Programs\Python\Python37\Scripts\;C:\Users\Tales\AppData\Local\Programs\Python\Python37\;C:\Users\Tales\AppData\Local\Microsoft\WindowsApps;C:\Users\Tales\AppData\Roaming\npm;C:\Users\Tales\AppData\Local\Android\sdk\platform-tools;
USERNAME=Tales
OS=Windows_NT
PROCESSOR_IDENTIFIER=Intel64 Family 6 Model 92 Stepping 9, GenuineIntel



---------------  S Y S T E M  ---------------

OS: Windows 10.0 , 64 bit Build 16299 (10.0.16299.15)

CPU:total 4 (4 cores per cpu, 1 threads per core) family 6 model 92 stepping 9, cmov, cx8, fxsr, mmx, sse, sse2, sse3, ssse3, sse4.1, sse4.2, popcnt, aes, clmul, erms, 3dnowpref, tsc, tscinvbit

Memory: 4k page, physical 4054432k(580848k free), swap 4054432k(5552k free)

vm_info: Java HotSpot(TM) 64-Bit Server VM (25.111-b14) for windows-amd64 JRE (1.8.0_111-b14), built on Sep 22 2016 19:24:05 by "java_re" with MS VC++ 10.0 (VS2010)

time: Sat May 25 21:14:33 2019
elapsed time: 0 seconds (0d 0h 0m 0s)

